<?xml version="1.0" encoding="UTF-8" standalone="no"?>
<!DOCTYPE log SYSTEM "logger.dtd">
<log>
<record>
  <date>2024-07-28T19:25:40.932-0300</date>
  <logger>VINICIUS GABRIEL LAUREANO</logger>
  <level>FINE</level>
  <message>File 123111119-VINICIUS GABRIEL LAUREANO.zip was received. It was sent by VINICIUS GABRIEL LAUREANO from IP 172.27.0.1 at 28-07-2024 19*25*40</message>
</record>
</log>
<?xml version="1.0" encoding="UTF-8" standalone="no"?>
<!DOCTYPE log SYSTEM "logger.dtd">
<log>
<record>
  <date>2024-07-28T19:56:01.583-0300</date>
  <logger>VINICIUS GABRIEL LAUREANO</logger>
  <level>FINE</level>
  <message>File 123111119-VINICIUS GABRIEL LAUREANO.zip was received. It was sent by VINICIUS GABRIEL LAUREANO from IP 172.27.0.1 at 28-07-2024 19*56*01</message>
</record>
</log>
<?xml version="1.0" encoding="UTF-8" standalone="no"?>
<!DOCTYPE log SYSTEM "logger.dtd">
<log>
<record>
  <date>2024-07-30T21:48:42.674-0300</date>
  <logger>VINICIUS GABRIEL LAUREANO</logger>
  <level>FINE</level>
  <message>File 123111119-VINICIUS GABRIEL LAUREANO.zip was received. It was sent by VINICIUS GABRIEL LAUREANO from IP 172.27.0.1 at 30-07-2024 21*48*42</message>
</record>
</log>
<?xml version="1.0" encoding="UTF-8" standalone="no"?>
<!DOCTYPE log SYSTEM "logger.dtd">
<log>
<record>
  <date>2024-08-02T12:54:38.459-0300</date>
  <logger>VINICIUS GABRIEL LAUREANO</logger>
  <level>FINE</level>
  <message>File 123111119-VINICIUS GABRIEL LAUREANO.zip was received. It was sent by VINICIUS GABRIEL LAUREANO from IP 172.27.0.1 at 02-08-2024 12*54*38</message>
</record>
</log>
<?xml version="1.0" encoding="UTF-8" standalone="no"?>
<!DOCTYPE log SYSTEM "logger.dtd">
<log>
<record>
  <date>2024-08-02T13:00:05.934-0300</date>
  <logger>VINICIUS GABRIEL LAUREANO</logger>
  <level>FINE</level>
  <message>File 123111119-VINICIUS GABRIEL LAUREANO.zip was received. It was sent by VINICIUS GABRIEL LAUREANO from IP 172.27.0.1 at 02-08-2024 13*00*05</message>
</record>
