<?xml version="1.0" encoding="UTF-8" standalone="no"?>
<!DOCTYPE log SYSTEM "logger.dtd">
<log>
<record>
  <date>2024-08-23T11:14:16.004-0300</date>
  <logger>VINICIUS GABRIEL LAUREANO</logger>
  <level>FINE</level>
  <message>File 123111119-VINICIUS GABRIEL LAUREANO.zip was received. It was sent by VINICIUS GABRIEL LAUREANO from IP 150.165.74.107 at 23-08-2024 11*14*15</message>
</record>
</log>
<?xml version="1.0" encoding="UTF-8" standalone="no"?>
<!DOCTYPE log SYSTEM "logger.dtd">
<log>
<record>
  <date>2024-08-26T15:39:30.634-0300</date>
  <logger>VINICIUS GABRIEL LAUREANO</logger>
  <level>FINE</level>
  <message>File 123111119-VINICIUS GABRIEL LAUREANO.zip was received. It was sent by VINICIUS GABRIEL LAUREANO from IP 172.27.0.1 at 26-08-2024 15*39*30</message>
</record>
</log>
<?xml version="1.0" encoding="UTF-8" standalone="no"?>
<!DOCTYPE log SYSTEM "logger.dtd">
<log>
<record>
  <date>2024-08-26T18:27:50.113-0300</date>
  <logger>VINICIUS GABRIEL LAUREANO</logger>
  <level>FINE</level>
  <message>File 123111119-VINICIUS GABRIEL LAUREANO.zip was received. It was sent by VINICIUS GABRIEL LAUREANO from IP 172.27.0.1 at 26-08-2024 18*27*50</message>
</record>
